{"test_hiker.py":"import hiker\n\ndef test_life_the_universe_and_everything():\n    '''a simple example to start you off'''\n    douglas = hiker.Hiker()\n    assert douglas.answer() == 42\n","hiker.py":"\nclass Hiker:\n\n    def answer(self):\n        return 6 * 9\n","cyber-dojo.sh":"pytest *test*.py\n","output":"============================= test session starts ==============================\nplatform linux -- Python 3.5.3, pytest-3.3.0, py-1.5.2, pluggy-0.6.0\nrootdir: /tmp/sandboxes/rhino, inifile:\ncollected 1 item\n\ntest_hiker.py F                                                          [100%]\n\n=================================== FAILURES ===================================\n____________________ test_life_the_universe_and_everything _____________________\n\n    def test_life_the_universe_and_everything():\n        '''a simple example to start you off'''\n        douglas = hiker.Hiker()\n>       assert douglas.answer() == 42\nE       assert 54 == 42\nE        +  where 54 = <bound method Hiker.answer of <hiker.Hiker object at 0x7f8c1133fb00>>()\nE        +    where <bound method Hiker.answer of <hiker.Hiker object at 0x7f8c1133fb00>> = <hiker.Hiker object at 0x7f8c1133fb00>.answer\n\ntest_hiker.py:6: AssertionError\n=========================== 1 failed in 0.10 seconds ===========================\n","instructions":"Write a program that prints the numbers from 1 to 100.\nBut for multiples of three print \"Fizz\" instead of the\nnumber and for the multiples of five print \"Buzz\". For\nnumbers which are multiples of both three and five\nprint \"FizzBuzz\".\n\nSample output:\n\n1\n2\nFizz\n4\nBuzz\nFizz\n7\n8\nFizz\nBuzz\n11\nFizz\n13\n14\nFizzBuzz\n16\n17\nFizz\n19\nBuzz\n... etc up to 100\n"}